\BOOKMARK [1][]{section.4}{1\040Eigenbau\040eines\040Motortreibers}{}% 1
\BOOKMARK [2][]{subsection.5}{1.1\040Anforderungen\040an\040den\040zu\040entwickelnden\040Treiber}{section.4}% 2
\BOOKMARK [2][]{subsection.7}{1.2\040Marktanalyse}{section.4}% 3
\BOOKMARK [3][]{subsubsection.8}{1.2.1\040VESC}{subsection.7}% 4
\BOOKMARK [3][]{subsubsection.9}{1.2.2\040ODrive}{subsection.7}% 5
\BOOKMARK [3][]{subsubsection.10}{1.2.3\040Predriver}{subsection.7}% 6
\BOOKMARK [3][]{subsubsection.11}{1.2.4 fertige Halbbrücke als Smd-Bauteil}{subsection.7}% 7
\BOOKMARK [3][]{subsubsection.12}{1.2.5 Aufbau der Halbbrücken aus Einzelkompoenten}{subsection.7}% 8
\BOOKMARK [3][]{subsubsection.13}{1.2.6\040Auswahl\040eines\040Microcontrollers}{subsection.7}% 9
\BOOKMARK [3][]{subsubsection.14}{1.2.7 Komplettlösungen als integrierter Schaltkreis}{subsection.7}% 10
\BOOKMARK [2][]{subsection.15}{1.3\040Fazit}{section.4}% 11
\BOOKMARK [1][]{section.16}{2\040Definition\040eines\040roboterfesten\040Koordinatensystems}{}% 12
\BOOKMARK [1][]{section.18}{3\040Navigation}{}% 13
\BOOKMARK [2][]{subsection.19}{3.1\040Sensorik}{section.18}% 14
\BOOKMARK [2][]{subsection.20}{3.2\040Inkrementalgeber}{section.18}% 15
\BOOKMARK [1][]{section.31}{4\040Auslegung\040Kurvengeschwindigkeit}{}% 16
\BOOKMARK [1][]{section.46}{5\040Vergleich\040der\040Antriebsarten}{}% 17
\BOOKMARK [2][]{subsection.47}{5.1 Bürstenloser Gleichstrommotor}{section.46}% 18
\BOOKMARK [2][]{subsection.49}{5.2\040Schrittmotoren}{section.46}% 19
\BOOKMARK [3][]{subsubsection.50}{5.2.1\040Allgemeines}{subsection.49}% 20
\BOOKMARK [3][]{subsubsection.51}{5.2.2\040Arten\040des\040Schrittmotors}{subsection.49}% 21
\BOOKMARK [3][]{subsubsection.54}{5.2.3\040Arten\040der\040Ansteuerung}{subsection.49}% 22
\BOOKMARK [1][]{section.56}{6\040Regelung\040von\040Schrittmotoren}{}% 23
\BOOKMARK [2][]{subsection.57}{6.1\040Auftrettende\040Schwierigkeiten}{section.56}% 24
\BOOKMARK [2][]{subsection.58}{6.2\040Fazit}{section.56}% 25
